2020-09-10 23:05:09,635 [INFO] Activator:178 - 


2020-09-10 23:05:09,637 [INFO] Activator:179 - !SESSION log4j initialized
2020-09-10 23:35:50,016 [INFO] ApplicationProperties:181 - Using Application install path: C:\ST\STM32CubeIDE_1.3.0\STM32CubeIDE\plugins\com.st.stm32cube.common.mx_6.0.1.202008101643
2020-09-10 23:35:50,028 [INFO] DbMcusXml:70 - Set database path to: C:\ST\STM32CubeIDE_1.3.0\STM32CubeIDE\plugins\com.st.stm32cube.common.mx_6.0.1.202008101643\\db\/mcu/
2020-09-10 23:35:50,031 [INFO] DbBoardsPdsc:56 - Set plugin database path to: C:\ST\STM32CubeIDE_1.3.0\STM32CubeIDE\plugins\com.st.stm32cube.common.mx_6.0.1.202008101643\\db\/plugins/boardmanager/
2020-09-10 23:35:50,035 [INFO] DbMcus:258 - Set plugin images path to: C:\ST\STM32CubeIDE_1.3.0\STM32CubeIDE\plugins\com.st.stm32cube.common.mx_6.0.1.202008101643\\db\/plugins/mcufinder/images/
2020-09-10 23:35:50,035 [INFO] DbBoards:264 - Set plugin images path to: C:\ST\STM32CubeIDE_1.3.0\STM32CubeIDE\plugins\com.st.stm32cube.common.mx_6.0.1.202008101643\\db\/plugins/mcufinder/images/
2020-09-10 23:35:50,038 [INFO] DbExamples:326 - Set plugin images path to: C:\ST\STM32CubeIDE_1.3.0\STM32CubeIDE\plugins\com.st.stm32cube.common.mx_6.0.1.202008101643\\db\/plugins/mcufinder/images/
2020-09-10 23:35:50,042 [INFO] DbMcusDocs:112 - Set database path to: C:\Users\Admin\.stmcufinder\plugins\mcufinder//mcu/
2020-09-10 23:35:50,044 [INFO] DbMcusJson:63 - Set database path to: C:\Users\Admin\.stmcufinder\plugins\mcufinder//mcu/
2020-09-10 23:35:50,045 [INFO] DbBoardsDocs:112 - Set database path to: C:\Users\Admin\.stmcufinder\plugins\mcufinder//mcu/
2020-09-10 23:35:50,046 [INFO] DbBoardsJson:56 - Set database path to: C:\Users\Admin\.stmcufinder\plugins\mcufinder//mcu/
2020-09-10 23:35:50,107 [INFO] CrossReferenceDbSqlite:196 - Set database path to: C:\Users\Admin\.stmcufinder\plugins\mcufinder//mcu/cs/
2020-09-10 23:35:50,111 [INFO] DbExamplesSqlite:800 - Set database path to: C:\Users\Admin\.stmcufinder\plugins\mcufinder//mcu/
2020-09-10 23:35:50,208 [INFO] RulesReader:52 - Compatibility file has been processed (209 Rules)
2020-09-10 23:35:50,321 [INFO] MicroXplorer:564 - Detected Java Version = 1.8.0_242
2020-09-10 23:35:50,321 [INFO] DbMcusXml:70 - Set database path to: C:\ST\STM32CubeIDE_1.3.0\STM32CubeIDE\plugins\com.st.stm32cube.common.mx_6.0.1.202008101643\\db\/mcu/
2020-09-10 23:35:50,322 [INFO] DbBoardsPdsc:56 - Set plugin database path to: C:\ST\STM32CubeIDE_1.3.0\STM32CubeIDE\plugins\com.st.stm32cube.common.mx_6.0.1.202008101643\\db\/plugins/boardmanager/
2020-09-10 23:35:50,323 [INFO] DbMcus:258 - Set plugin images path to: C:\ST\STM32CubeIDE_1.3.0\STM32CubeIDE\plugins\com.st.stm32cube.common.mx_6.0.1.202008101643\\db\/plugins/mcufinder/images/
2020-09-10 23:35:50,323 [INFO] DbBoards:264 - Set plugin images path to: C:\ST\STM32CubeIDE_1.3.0\STM32CubeIDE\plugins\com.st.stm32cube.common.mx_6.0.1.202008101643\\db\/plugins/mcufinder/images/
2020-09-10 23:35:50,323 [INFO] DbExamples:326 - Set plugin images path to: C:\ST\STM32CubeIDE_1.3.0\STM32CubeIDE\plugins\com.st.stm32cube.common.mx_6.0.1.202008101643\\db\/plugins/mcufinder/images/
2020-09-10 23:35:50,323 [WARN] DbFile:36 - Overriding database path with different value: C:\Users\Admin\.stmcufinder\plugins\mcufinder/ => C:\Users\Admin\.stmcufinder\plugins\mcufinder
2020-09-10 23:35:50,323 [INFO] DbMcusDocs:112 - Set database path to: C:\Users\Admin\.stmcufinder\plugins\mcufinder//mcu/
2020-09-10 23:35:50,323 [WARN] DbFile:36 - Overriding database path with different value: C:\Users\Admin\.stmcufinder\plugins\mcufinder/ => C:\Users\Admin\.stmcufinder\plugins\mcufinder
2020-09-10 23:35:50,324 [INFO] DbMcusJson:63 - Set database path to: C:\Users\Admin\.stmcufinder\plugins\mcufinder//mcu/
2020-09-10 23:35:50,324 [WARN] DbFile:36 - Overriding database path with different value: C:\Users\Admin\.stmcufinder\plugins\mcufinder/ => C:\Users\Admin\.stmcufinder\plugins\mcufinder
2020-09-10 23:35:50,324 [INFO] DbBoardsDocs:112 - Set database path to: C:\Users\Admin\.stmcufinder\plugins\mcufinder//mcu/
2020-09-10 23:35:50,324 [WARN] DbFile:36 - Overriding database path with different value: C:\Users\Admin\.stmcufinder\plugins\mcufinder/ => C:\Users\Admin\.stmcufinder\plugins\mcufinder
2020-09-10 23:35:50,324 [INFO] DbBoardsJson:56 - Set database path to: C:\Users\Admin\.stmcufinder\plugins\mcufinder//mcu/
2020-09-10 23:35:50,324 [WARN] DbFile:36 - Overriding database path with different value: C:\Users\Admin\.stmcufinder\plugins\mcufinder/ => C:\Users\Admin\.stmcufinder\plugins\mcufinder
2020-09-10 23:35:50,324 [WARN] DbFile:36 - Overriding database path with different value: C:\Users\Admin\.stmcufinder\plugins\mcufinder/ => C:\Users\Admin\.stmcufinder\plugins\mcufinder
2020-09-10 23:35:50,325 [INFO] CrossReferenceDbSqlite:196 - Set database path to: C:\Users\Admin\.stmcufinder\plugins\mcufinder//mcu/cs/
2020-09-10 23:35:50,325 [WARN] DbFile:36 - Overriding database path with different value: C:\Users\Admin\.stmcufinder\plugins\mcufinder/ => C:\Users\Admin\.stmcufinder\plugins\mcufinder
2020-09-10 23:35:50,325 [INFO] DbExamplesSqlite:800 - Set database path to: C:\Users\Admin\.stmcufinder\plugins\mcufinder//mcu/
2020-09-10 23:35:50,389 [INFO] MainPanel:189 - HeapMemory: 351272960
2020-09-10 23:35:50,447 [INFO] DbMcusXml:70 - Set database path to: C:\ST\STM32CubeIDE_1.3.0\STM32CubeIDE\plugins\com.st.stm32cube.common.mx_6.0.1.202008101643\\db\/mcu/
2020-09-10 23:35:50,447 [INFO] DbBoardsPdsc:56 - Set plugin database path to: C:\ST\STM32CubeIDE_1.3.0\STM32CubeIDE\plugins\com.st.stm32cube.common.mx_6.0.1.202008101643\\db\/plugins/boardmanager/
2020-09-10 23:35:50,447 [INFO] DbMcus:258 - Set plugin images path to: C:\ST\STM32CubeIDE_1.3.0\STM32CubeIDE\plugins\com.st.stm32cube.common.mx_6.0.1.202008101643\\db\/plugins/mcufinder/images/
2020-09-10 23:35:50,447 [INFO] DbBoards:264 - Set plugin images path to: C:\ST\STM32CubeIDE_1.3.0\STM32CubeIDE\plugins\com.st.stm32cube.common.mx_6.0.1.202008101643\\db\/plugins/mcufinder/images/
2020-09-10 23:35:50,448 [INFO] DbExamples:326 - Set plugin images path to: C:\ST\STM32CubeIDE_1.3.0\STM32CubeIDE\plugins\com.st.stm32cube.common.mx_6.0.1.202008101643\\db\/plugins/mcufinder/images/
2020-09-10 23:35:50,448 [WARN] DbFile:36 - Overriding database path with different value: C:\Users\Admin\.stmcufinder\plugins\mcufinder/ => C:\Users\Admin\.stmcufinder\plugins\mcufinder
2020-09-10 23:35:50,448 [INFO] DbMcusDocs:112 - Set database path to: C:\Users\Admin\.stmcufinder\plugins\mcufinder//mcu/
2020-09-10 23:35:50,448 [WARN] DbFile:36 - Overriding database path with different value: C:\Users\Admin\.stmcufinder\plugins\mcufinder/ => C:\Users\Admin\.stmcufinder\plugins\mcufinder
2020-09-10 23:35:50,448 [INFO] DbMcusJson:63 - Set database path to: C:\Users\Admin\.stmcufinder\plugins\mcufinder//mcu/
2020-09-10 23:35:50,449 [WARN] DbFile:36 - Overriding database path with different value: C:\Users\Admin\.stmcufinder\plugins\mcufinder/ => C:\Users\Admin\.stmcufinder\plugins\mcufinder
2020-09-10 23:35:50,449 [INFO] DbBoardsDocs:112 - Set database path to: C:\Users\Admin\.stmcufinder\plugins\mcufinder//mcu/
2020-09-10 23:35:50,449 [WARN] DbFile:36 - Overriding database path with different value: C:\Users\Admin\.stmcufinder\plugins\mcufinder/ => C:\Users\Admin\.stmcufinder\plugins\mcufinder
2020-09-10 23:35:50,449 [INFO] DbBoardsJson:56 - Set database path to: C:\Users\Admin\.stmcufinder\plugins\mcufinder//mcu/
2020-09-10 23:35:50,449 [WARN] DbFile:36 - Overriding database path with different value: C:\Users\Admin\.stmcufinder\plugins\mcufinder/ => C:\Users\Admin\.stmcufinder\plugins\mcufinder
2020-09-10 23:35:50,449 [WARN] DbFile:36 - Overriding database path with different value: C:\Users\Admin\.stmcufinder\plugins\mcufinder/ => C:\Users\Admin\.stmcufinder\plugins\mcufinder
2020-09-10 23:35:50,449 [INFO] CrossReferenceDbSqlite:196 - Set database path to: C:\Users\Admin\.stmcufinder\plugins\mcufinder//mcu/cs/
2020-09-10 23:35:50,449 [WARN] DbFile:36 - Overriding database path with different value: C:\Users\Admin\.stmcufinder\plugins\mcufinder/ => C:\Users\Admin\.stmcufinder\plugins\mcufinder
2020-09-10 23:35:50,450 [INFO] DbExamplesSqlite:800 - Set database path to: C:\Users\Admin\.stmcufinder\plugins\mcufinder//mcu/
2020-09-10 23:35:50,472 [INFO] ApplicationProperties:181 - Using Application install path: C:\ST\STM32CubeIDE_1.3.0\STM32CubeIDE\plugins\com.st.stm32cube.common.mx_6.0.1.202008101643
2020-09-10 23:35:50,473 [INFO] PluginManage:178 - Search for loadable plugins [exclusion list=, ]
2020-09-10 23:35:50,474 [INFO] PluginManage:292 - Check plugin analytics
2020-09-10 23:35:50,625 [INFO] AnalyticsPlugin:203 - Accepted Software Licenses: STM32CubeMX.5.2.1,STM32CubeMX.5.3.0,STM32CubeMX.5.6.0
2020-09-10 23:35:50,626 [INFO] AnalyticsPlugin:205 - Accepted CMSIS Pack Licenses: 
2020-09-10 23:35:50,626 [INFO] AnalyticsPlugin:207 - Accepted Firmware Licenses: 
2020-09-10 23:35:50,627 [INFO] PluginManage:342 - Loaded plugin analytics (category:tool,tabindex:-1)
2020-09-10 23:35:50,627 [INFO] PluginManage:292 - Check plugin clock
2020-09-10 23:35:50,639 [INFO] PluginManage:342 - Loaded plugin clock (category:base,tabindex:2)
2020-09-10 23:35:50,639 [INFO] PluginManage:292 - Check plugin ddr
2020-09-10 23:35:50,642 [INFO] PluginManage:342 - Loaded plugin ddr (category:tool,tabindex:6)
2020-09-10 23:35:50,642 [INFO] PluginManage:292 - Check plugin filemanager
2020-09-10 23:35:50,758 [INFO] PluginManage:342 - Loaded plugin filemanager (category:base,tabindex:10)
2020-09-10 23:35:50,758 [INFO] PluginManage:292 - Check plugin ipmanager
2020-09-10 23:35:50,767 [INFO] PluginManage:342 - Loaded plugin ipmanager (category:base,tabindex:5)
2020-09-10 23:35:50,771 [INFO] PluginManage:292 - Check plugin pinoutandconfiguration
2020-09-10 23:35:50,779 [INFO] PluginManage:342 - Loaded plugin pinoutandconfiguration (category:base,tabindex:1)
2020-09-10 23:35:50,780 [INFO] PluginManage:292 - Check plugin pinoutconfig
2020-09-10 23:35:50,807 [INFO] PluginManage:342 - Loaded plugin pinoutconfig (category:base,tabindex:0)
2020-09-10 23:35:50,807 [INFO] PluginManage:292 - Check plugin power
2020-09-10 23:35:50,815 [INFO] PluginManage:342 - Loaded plugin power (category:power,tabindex:4)
2020-09-10 23:35:50,815 [INFO] PluginManage:292 - Check plugin projectmanager
2020-09-10 23:35:50,830 [INFO] PluginManage:342 - Loaded plugin projectmanager (category:projectmanager,tabindex:3)
2020-09-10 23:35:50,831 [INFO] PluginManage:292 - Check plugin thirdparty
2020-09-10 23:35:50,874 [INFO] ThirdPartyDb:333 - Open Third Party DataBase File (C:/Users/Admin/.stm32cubemx/plugins/thirdparty/db/thirdparties_db.xml) : 13 ms. number of Sw pack : 13
2020-09-10 23:35:50,880 [INFO] PluginManage:342 - Loaded plugin thirdparty (category:base,tabindex:-1)
2020-09-10 23:35:50,880 [INFO] PluginManage:292 - Check plugin tools
2020-09-10 23:35:50,882 [INFO] PluginManage:342 - Loaded plugin tools (category:base,tabindex:7)
2020-09-10 23:35:50,882 [INFO] PluginManage:292 - Check plugin tutovideos
2020-09-10 23:35:51,078 [INFO] PluginManage:342 - Loaded plugin tutovideos (category:base,tabindex:-1)
2020-09-10 23:35:51,078 [INFO] PluginManage:292 - Check plugin updater
2020-09-10 23:35:51,091 [INFO] PluginManage:342 - Loaded plugin updater (category:base,tabindex:12)
2020-09-10 23:35:51,092 [INFO] PluginManage:265 - PluginManage : Loaded plugins [13]
2020-09-10 23:35:51,300 [INFO] PinOutPanel:1418 - setPackage(No Configuration,No Configuration)
2020-09-10 23:35:51,408 [INFO] IPUIPlugin:64 - create IPUIPlugin
2020-09-10 23:35:51,408 [INFO] PluginManager:200 - loadIPPluginJar : add adc
2020-09-10 23:35:51,411 [INFO] IPUIPlugin:64 - create IPUIPlugin
2020-09-10 23:35:51,411 [INFO] PluginManager:200 - loadIPPluginJar : add aes
2020-09-10 23:35:51,414 [INFO] IPUIPlugin:64 - create IPUIPlugin
2020-09-10 23:35:51,414 [INFO] PluginManager:200 - loadIPPluginJar : add can
2020-09-10 23:35:51,415 [INFO] IPUIPlugin:64 - create IPUIPlugin
2020-09-10 23:35:51,415 [INFO] PluginManager:200 - loadIPPluginJar : add comp
2020-09-10 23:35:51,418 [INFO] IPUIPlugin:64 - create IPUIPlugin
2020-09-10 23:35:51,418 [INFO] PluginManager:200 - loadIPPluginJar : add cryp
2020-09-10 23:35:51,420 [INFO] IPUIPlugin:64 - create IPUIPlugin
2020-09-10 23:35:51,420 [INFO] PluginManager:200 - loadIPPluginJar : add dfsdm
2020-09-10 23:35:51,425 [INFO] IPUIPlugin:64 - create IPUIPlugin
2020-09-10 23:35:51,426 [INFO] PluginManager:200 - loadIPPluginJar : add dma
2020-09-10 23:35:51,427 [INFO] IPUIPlugin:64 - create IPUIPlugin
2020-09-10 23:35:51,427 [INFO] PluginManager:200 - loadIPPluginJar : add fatfs
2020-09-10 23:35:51,431 [INFO] IPUIPlugin:64 - create IPUIPlugin
2020-09-10 23:35:51,431 [INFO] PluginManager:200 - loadIPPluginJar : add fmc
2020-09-10 23:35:51,437 [INFO] IPUIPlugin:64 - create IPUIPlugin
2020-09-10 23:35:51,437 [INFO] PluginManager:200 - loadIPPluginJar : add freertos
2020-09-10 23:35:51,439 [INFO] IPUIPlugin:64 - create IPUIPlugin
2020-09-10 23:35:51,439 [INFO] PluginManager:200 - loadIPPluginJar : add genericplugin
2020-09-10 23:35:51,441 [INFO] IPUIPlugin:64 - create IPUIPlugin
2020-09-10 23:35:51,441 [INFO] PluginManager:200 - loadIPPluginJar : add gfxmmu
2020-09-10 23:35:51,446 [INFO] IPUIPlugin:64 - create IPUIPlugin
2020-09-10 23:35:51,446 [INFO] PluginManager:200 - loadIPPluginJar : add gic
2020-09-10 23:35:51,450 [INFO] IPUIPlugin:64 - create IPUIPlugin
2020-09-10 23:35:51,450 [INFO] PluginManager:200 - loadIPPluginJar : add gpio
2020-09-10 23:35:51,452 [INFO] IPUIPlugin:64 - create IPUIPlugin
2020-09-10 23:35:51,452 [INFO] PluginManager:200 - loadIPPluginJar : add gtzc
2020-09-10 23:35:51,454 [INFO] IPUIPlugin:64 - create IPUIPlugin
2020-09-10 23:35:51,455 [INFO] PluginManager:200 - loadIPPluginJar : add hash
2020-09-10 23:35:51,457 [INFO] IPUIPlugin:64 - create IPUIPlugin
2020-09-10 23:35:51,457 [INFO] PluginManager:200 - loadIPPluginJar : add i2c
2020-09-10 23:35:51,459 [INFO] IPUIPlugin:64 - create IPUIPlugin
2020-09-10 23:35:51,459 [INFO] PluginManager:200 - loadIPPluginJar : add i2s
2020-09-10 23:35:51,462 [INFO] IPUIPlugin:64 - create IPUIPlugin
2020-09-10 23:35:51,462 [INFO] PluginManager:200 - loadIPPluginJar : add ipddr
2020-09-10 23:35:51,463 [INFO] IPUIPlugin:64 - create IPUIPlugin
2020-09-10 23:35:51,464 [INFO] PluginManager:200 - loadIPPluginJar : add ltdc
2020-09-10 23:35:51,467 [INFO] IPUIPlugin:64 - create IPUIPlugin
2020-09-10 23:35:51,467 [INFO] PluginManager:200 - loadIPPluginJar : add mdma
2020-09-10 23:35:51,471 [INFO] IPUIPlugin:64 - create IPUIPlugin
2020-09-10 23:35:51,471 [INFO] PluginManager:200 - loadIPPluginJar : add nvic
2020-09-10 23:35:51,473 [INFO] IPUIPlugin:64 - create IPUIPlugin
2020-09-10 23:35:51,474 [INFO] PluginManager:200 - loadIPPluginJar : add opamp
2020-09-10 23:35:51,476 [INFO] IPUIPlugin:64 - create IPUIPlugin
2020-09-10 23:35:51,476 [INFO] PluginManager:200 - loadIPPluginJar : add openamp
2020-09-10 23:35:51,479 [INFO] IPUIPlugin:64 - create IPUIPlugin
2020-09-10 23:35:51,479 [INFO] PluginManager:200 - loadIPPluginJar : add pdm2pcm
2020-09-10 23:35:51,485 [INFO] IPUIPlugin:64 - create IPUIPlugin
2020-09-10 23:35:51,488 [INFO] PluginManager:200 - loadIPPluginJar : add plateformsettings
2020-09-10 23:35:51,490 [INFO] IPUIPlugin:64 - create IPUIPlugin
2020-09-10 23:35:51,490 [INFO] PluginManager:200 - loadIPPluginJar : add quadspi
2020-09-10 23:35:51,492 [INFO] IPUIPlugin:64 - create IPUIPlugin
2020-09-10 23:35:51,493 [INFO] PluginManager:200 - loadIPPluginJar : add resmgrutility
2020-09-10 23:35:51,495 [INFO] IPUIPlugin:64 - create IPUIPlugin
2020-09-10 23:35:51,495 [INFO] PluginManager:200 - loadIPPluginJar : add sai
2020-09-10 23:35:51,497 [INFO] IPUIPlugin:64 - create IPUIPlugin
2020-09-10 23:35:51,497 [INFO] PluginManager:200 - loadIPPluginJar : add spi
2020-09-10 23:35:51,500 [INFO] IPUIPlugin:64 - create IPUIPlugin
2020-09-10 23:35:51,500 [INFO] PluginManager:200 - loadIPPluginJar : add stm32_wpan
2020-09-10 23:35:51,501 [INFO] IPUIPlugin:64 - create IPUIPlugin
2020-09-10 23:35:51,502 [INFO] PluginManager:200 - loadIPPluginJar : add tim
2020-09-10 23:35:51,504 [INFO] IPUIPlugin:64 - create IPUIPlugin
2020-09-10 23:35:51,504 [INFO] PluginManager:200 - loadIPPluginJar : add touchsensing
2020-09-10 23:35:51,506 [INFO] IPUIPlugin:64 - create IPUIPlugin
2020-09-10 23:35:51,506 [INFO] PluginManager:200 - loadIPPluginJar : add tracer_emb
2020-09-10 23:35:51,507 [INFO] IPUIPlugin:64 - create IPUIPlugin
2020-09-10 23:35:51,507 [INFO] PluginManager:200 - loadIPPluginJar : add ts
2020-09-10 23:35:51,509 [INFO] IPUIPlugin:64 - create IPUIPlugin
2020-09-10 23:35:51,509 [INFO] PluginManager:200 - loadIPPluginJar : add tsc
2020-09-10 23:35:51,510 [INFO] IPUIPlugin:64 - create IPUIPlugin
2020-09-10 23:35:51,510 [INFO] PluginManager:200 - loadIPPluginJar : add ucpd
2020-09-10 23:35:51,513 [INFO] IPUIPlugin:64 - create IPUIPlugin
2020-09-10 23:35:51,513 [INFO] PluginManager:200 - loadIPPluginJar : add usart
2020-09-10 23:35:52,224 [INFO] CubeProgrammer:457 - [DDR PANEL] - PathOfProgrammer: null
2020-09-10 23:35:53,041 [FATAL] Updater:282 - Updater called before beeing initialized
2020-09-10 23:35:53,201 [FATAL] Updater:282 - Updater called before beeing initialized
2020-09-10 23:35:53,201 [WARN] ThirdParty:775 - waiting for thirdparty lock release [close project]
2020-09-10 23:35:53,201 [INFO] ThirdParty:777 - entering critical section [close project]
2020-09-10 23:35:53,202 [INFO] ThirdParty:790 - exiting critical section [close project]
2020-09-10 23:35:53,205 [INFO] PinOutPanel:1418 - setPackage(No Configuration,No Configuration)
2020-09-10 23:35:53,205 [FATAL] Updater:282 - Updater called before beeing initialized
2020-09-10 23:35:53,211 [ERROR] Updater:967 - MainUpdater not yet initialized. External WinMGr cannot be set.
2020-09-10 23:35:53,213 [INFO] CubeProgrammer:457 - [DDR PANEL] - PathOfProgrammer: C:\ST\STM32CubeIDE_1.3.0\STM32CubeIDE\plugins\com.st.stm32cube.ide.mcu.externaltools.cubeprogrammer.win32_1.4.0.202007081208\tools\bin
2020-09-10 23:35:53,217 [INFO] ProgrammerExecThread:148 - [ProgrammerAPI] CubeProgrammer command construction: C:\ST\STM32CubeIDE_1.3.0\STM32CubeIDE\plugins\com.st.stm32cube.ide.mcu.externaltools.cubeprogrammer.win32_1.4.0.202007081208\tools\bin\STM32_Programmer_CLI.exe -l
2020-09-10 23:35:53,419 [INFO] MainDdrPanel:49 - [DDR PANEL] SETTER - Set cubeProgrammerPath to: C:\ST\STM32CubeIDE_1.3.0\STM32CubeIDE\plugins\com.st.stm32cube.ide.mcu.externaltools.cubeprogrammer.win32_1.4.0.202007081208\tools\bin
2020-09-10 23:35:53,452 [INFO] Updater:904 - Updater Version found : 6.0.1
2020-09-10 23:35:53,478 [INFO] ApplicationProperties:181 - Using Application install path: C:\ST\STM32CubeIDE_1.3.0\STM32CubeIDE\plugins\com.st.stm32cube.common.mx_6.0.1.202008101643
2020-09-10 23:35:53,662 [INFO] MainUpdater:2268 - connection check result : 10
2020-09-10 23:35:53,664 [INFO] MainUpdater:239 - Updater Check For Update Now.
2020-09-10 23:35:53,664 [INFO] MicroXplorer:414 - Change Database Version : DB.6.0.0
2020-09-10 23:35:53,705 [INFO] CheckServerUpdateThread:102 - End of CheckServer Thread
2020-09-10 23:35:53,770 [INFO] MainUpdater:2268 - connection check result : 10
2020-09-10 23:35:53,881 [WARN] IntegrityCheckThread:61 - waiting for thirdparty lock release [integrity check]
2020-09-10 23:35:53,881 [INFO] IntegrityCheckThread:63 - entering critical section [integrity check]
2020-09-10 23:35:53,889 [INFO] ThirdPartyDb:299 - Save Third Party DataBase File (C:/Users/Admin/.stm32cubemx/plugins/thirdparty/db/thirdparties_db.xml) [forced]
2020-09-10 23:35:53,908 [INFO] ThirdPartyDb:299 - Save Third Party DataBase File (C:/Users/Admin/.stm32cubemx/plugins/thirdparty/db/thirdparties_db.xml) [forced]
2020-09-10 23:35:53,938 [INFO] IntegrityCheckThread:76 - exiting critical section [integrity check]
2020-09-10 23:35:53,938 [INFO] IntegrityCheckThread:79 - End integrity checks thread
2020-09-10 23:35:53,960 [INFO] McuFinderGlobals:40 - Set McuFinder mode to 2 (CubeIDE integrated)
2020-09-10 23:35:54,113 [INFO] CrossSelectorPresenter:1330 - Cross Selector saved comparison directory: C:\Users\Admin\.stmcufinder\plugins\mcufinder\mcu\cs_comparisons_mx
2020-09-10 23:35:54,120 [INFO] MultiScanPanel:193 - Auto-refresh data requested => check proxy status ongoing
2020-09-10 23:35:54,123 [INFO] FinderPluginLoader:87 - Searching for filters in installed packs
2020-09-10 23:35:54,124 [INFO] DbMcusXml:100 - Load MCU database from C:\ST\STM32CubeIDE_1.3.0\STM32CubeIDE\plugins\com.st.stm32cube.common.mx_6.0.1.202008101643\\db\/mcu/families.xml
2020-09-10 23:35:54,746 [INFO] DbMcusJson:92 - JSON generation date=Mon Jul 27 15:58:30 EEST 2020 (1595854710)
2020-09-10 23:35:55,525 [INFO] DbMcus:175 - Found 1761 MCUs (1722 are supported by CubeMX, 1728 are visible in CubeMX)
2020-09-10 23:35:55,526 [INFO] ApiDb:201 - Load user favorites file C:\Users\Admin/.stm32cubeide/favorites.mcus.txt: 0 item(s)
2020-09-10 23:35:55,526 [INFO] ApiDb:205 - User favorites MCUs=[]
2020-09-10 23:35:55,527 [INFO] DbMcus:187 - Set 0 / 0 favorites MCUs
2020-09-10 23:35:55,936 [INFO] LoadUrlFilesThread:162 - End of LoadServerUrlFiles without Thread
2020-09-10 23:35:55,986 [INFO] DetailPanel:331 - Set advertising image to C:/Users/Admin/STM32Cube/Repository/\stm32cubemx-promo_image.jpg
2020-09-10 23:35:56,306 [INFO] McuFilterPanel:245 - Update 0 favorites MCUs
2020-09-10 23:35:56,381 [INFO] DbBoardsPdsc:94 - Found 23 items
2020-09-10 23:35:56,383 [INFO] DbBoardsPdsc:94 - Found 9 items
2020-09-10 23:35:56,386 [INFO] DbBoardsPdsc:94 - Found 29 items
2020-09-10 23:35:56,388 [INFO] DbBoardsPdsc:94 - Found 1 items
2020-09-10 23:35:56,393 [INFO] DbBoardsPdsc:94 - Found 44 items
2020-09-10 23:35:56,402 [INFO] DbBoardsPdsc:94 - Found 40 items
2020-09-10 23:35:56,404 [INFO] DbBoardsPdsc:94 - Found 2 items
2020-09-10 23:35:56,407 [INFO] DbBoardsPdsc:94 - Found 4 items
2020-09-10 23:35:56,417 [WARN] DbBoardsPdsc:258 - Board STM32H7B3I-DK: unknown feature type=Audio, name=, username=Audio stereo codec with Headphone Amp (CS42L51-CNZ), n=1
2020-09-10 23:35:56,417 [WARN] DbBoardsPdsc:258 - Board STM32H735G-DK: unknown feature type=Audio, name=, username=Audio stereo codec with Headphone Amp (WM8994ECS/R), n=1
2020-09-10 23:35:56,419 [WARN] DbBoardsPdsc:258 - Board STM32H7B3I-EVAL: unknown feature type=Audio, name=, username=Multi-Channel Audio Codec (CS42L51-CNZ), n=1
2020-09-10 23:35:56,419 [WARN] DbBoardsPdsc:258 - Board STM32H7B3I-EVAL: unknown feature type=Meter, name=, username=Power-metering and Temperature-monitoring with sigma-delta modulators, n=1
2020-09-10 23:35:56,420 [WARN] DbBoardsPdsc:258 - Board STM32H7B3I-EVAL: unknown feature type=Motor, name=, username=Motor Control, n=1
2020-09-10 23:35:56,431 [INFO] DbBoardsJson:85 - JSON generation date=Thu Jul 02 16:35:57 EEST 2020 (1593696957)
2020-09-10 23:35:56,436 [INFO] DbBoards:117 - Found 152 boards (149 are supported by CubeMX)
2020-09-10 23:35:56,448 [INFO] DbBoardsDocs:145 - JSON generation date=Mon Jul 27 15:58:30 EEST 2020 (1595854710)
2020-09-10 23:35:56,475 [INFO] DbBoardsDocs:81 - Found 185 boards documents
2020-09-10 23:35:56,476 [WARN] DbBoards:149 - board B-G474E-DPOW1 / document id not found: 4624
2020-09-10 23:35:56,476 [WARN] DbBoards:149 - board B-G474E-DPOW1 / document id not found: 4625
2020-09-10 23:35:56,476 [WARN] DbBoards:127 - board B-L462E-CELL1 has no document id list !
2020-09-10 23:35:56,477 [WARN] DbBoards:127 - board B-L475E-IOT01A2 has no document id list !
2020-09-10 23:35:56,478 [WARN] DbBoards:127 - board NUCLEO-G491RE has no document id list !
2020-09-10 23:35:56,478 [WARN] DbBoards:127 - board NUCLEO-H723ZG has no document id list !
2020-09-10 23:35:56,479 [WARN] DbBoards:127 - board NUCLEO-H743ZI2 has no document id list !
2020-09-10 23:35:56,480 [WARN] DbBoards:127 - board NUCLEO-WB55RG has no document id list !
2020-09-10 23:35:56,480 [WARN] DbBoards:127 - board P-NUCLEO-WB55-Nucleo has no document id list !
2020-09-10 23:35:56,480 [WARN] DbBoards:127 - board P-NUCLEO-WB55-USBDongle has no document id list !
2020-09-10 23:35:56,480 [WARN] DbBoards:127 - board STEVAL-BFA001V1B has no document id list !
2020-09-10 23:35:56,480 [WARN] DbBoards:127 - board STEVAL-BFA001V2B has no document id list !
2020-09-10 23:35:56,480 [WARN] DbBoards:127 - board STEVAL-IDP005V1 has no document id list !
2020-09-10 23:35:56,481 [WARN] DbBoards:127 - board STEVAL-IDP005V2 has no document id list !
2020-09-10 23:35:56,481 [WARN] DbBoards:127 - board STEVAL-MKSBOX1V1 has no document id list !
2020-09-10 23:35:56,481 [WARN] DbBoards:127 - board STEVAL-STWINKT1 has no document id list !
2020-09-10 23:35:56,482 [WARN] DbBoards:127 - board STM32F401C-DISCO has no document id list !
2020-09-10 23:35:56,482 [WARN] DbBoards:127 - board STM32F769I-DISC1 has no document id list !
2020-09-10 23:35:56,482 [WARN] DbBoards:127 - board STM32G474E-EVAL1 has no document id list !
2020-09-10 23:35:56,483 [WARN] DbBoards:127 - board STM32H735G-DK has no document id list !
2020-09-10 23:35:56,483 [WARN] DbBoards:127 - board STM32H743I-EVAL2 has no document id list !
2020-09-10 23:35:56,483 [WARN] DbBoards:127 - board STM32H747I-DISC1 has no document id list !
2020-09-10 23:35:56,483 [WARN] DbBoards:127 - board STM32H753I-EVAL2 has no document id list !
2020-09-10 23:35:56,483 [WARN] DbBoards:127 - board STM32L-DISCOVERY has no document id list !
2020-09-10 23:35:56,484 [WARN] DbBoards:127 - board STM32MP157A-DK1 has no document id list !
2020-09-10 23:35:56,484 [WARN] DbBoards:127 - board STM32MP157F-EV1 has no document id list !
2020-09-10 23:35:56,564 [ERROR] DbBoards:192 - No image file URL for board B-L462E-CELL1
2020-09-10 23:35:57,672 [INFO] ApiDb:201 - Load user favorites file C:\Users\Admin/.stm32cubeide/favorites.boards.txt: 0 item(s)
2020-09-10 23:35:57,672 [INFO] ApiDb:205 - User favorites Boards=[]
2020-09-10 23:35:57,672 [INFO] DbBoards:206 - Set 0 / 0 favorites Boards
2020-09-10 23:36:04,955 [INFO] DbMcusDocs:145 - JSON generation date=Mon Jul 27 15:58:30 EEST 2020 (1595854710)
2020-09-10 23:36:05,110 [INFO] DbMcusDocs:81 - Found 580 MCUs documents
2020-09-10 23:37:26,326 [INFO] ApiDb:226 - Save user favorites file C:\Users\Admin/.stm32cubeide/favorites.mcus.txt: 0 item(s)
2020-09-10 23:37:26,327 [INFO] ApiDb:230 - User favorites MCUs=[]
2020-09-10 23:39:43,986 [INFO] MainUpdater:2268 - connection check result : 10
2020-09-10 23:39:44,072 [INFO] McuFinderGlobals:40 - Set McuFinder mode to 2 (CubeIDE integrated)
2020-09-10 23:39:44,085 [INFO] CrossSelectorPresenter:1330 - Cross Selector saved comparison directory: C:\Users\Admin\.stmcufinder\plugins\mcufinder\mcu\cs_comparisons_mx
2020-09-10 23:39:44,086 [INFO] MultiScanPanel:193 - Auto-refresh data requested => check proxy status ongoing
2020-09-10 23:39:44,087 [INFO] FinderPluginLoader:87 - Searching for filters in installed packs
2020-09-10 23:39:44,241 [INFO] LoadUrlFilesThread:162 - End of LoadServerUrlFiles without Thread
2020-09-10 23:39:44,242 [INFO] DetailPanel:331 - Set advertising image to C:/Users/Admin/STM32Cube/Repository/\stm32cubemx-promo_image.jpg
2020-09-10 23:39:44,450 [INFO] McuFilterPanel:245 - Update 0 favorites MCUs
2020-09-10 23:40:31,225 [INFO] LogOutputStream:76 - [STDOUT_REDIRECT] withoutVersionV1.3.0
2020-09-10 23:40:31,524 [ERROR] LogOutputStream:74 - [STDERR_REDIRECT] org.eclipse.core.internal.resources.ResourceException(/ESC_firmware/Code/inc)[275]: java.lang.Exception: A resource exists with a different case: '/ESC_firmware/Code/inc'.
2020-09-10 23:40:31,529 [ERROR] LogOutputStream:74 - [STDERR_REDIRECT] 	at org.eclipse.core.internal.resources.ResourceException.provideStackTrace(ResourceException.java:42)
2020-09-10 23:40:31,532 [ERROR] LogOutputStream:74 - [STDERR_REDIRECT] 	at org.eclipse.core.internal.resources.ResourceException.<init>(ResourceException.java:38)
2020-09-10 23:40:31,534 [ERROR] LogOutputStream:74 - [STDERR_REDIRECT] 	at org.eclipse.core.internal.resources.Resource.checkDoesNotExist(Resource.java:318)
2020-09-10 23:40:31,536 [ERROR] LogOutputStream:74 - [STDERR_REDIRECT] 	at org.eclipse.core.internal.resources.Resource.checkDoesNotExist(Resource.java:296)
2020-09-10 23:40:31,539 [ERROR] LogOutputStream:74 - [STDERR_REDIRECT] 	at org.eclipse.core.internal.resources.Folder.assertCreateRequirements(Folder.java:33)
2020-09-10 23:40:31,542 [ERROR] LogOutputStream:74 - [STDERR_REDIRECT] 	at org.eclipse.core.internal.resources.Folder.create(Folder.java:96)
2020-09-10 23:40:31,543 [ERROR] LogOutputStream:74 - [STDERR_REDIRECT] 	at org.eclipse.core.internal.resources.Folder.create(Folder.java:124)
2020-09-10 23:40:31,546 [ERROR] LogOutputStream:74 - [STDERR_REDIRECT] 	at com.st.stm32cube.ide.mcu.projecttree.core.MxUProjectTreeGeneratorAbstract.createProjectFolder(MxUProjectTreeGeneratorAbstract.java:117)
2020-09-10 23:40:31,548 [ERROR] LogOutputStream:74 - [STDERR_REDIRECT] 	at com.st.stm32cube.ide.mcu.projecttree.core.MxUProjectTreeGeneratorAbstract.generate(MxUProjectTreeGeneratorAbstract.java:93)
2020-09-10 23:40:31,550 [ERROR] LogOutputStream:74 - [STDERR_REDIRECT] 	at com.st.stm32cube.ide.mcu.ide.process.MCUEmptyProjectProcessOperation.run(MCUEmptyProjectProcessOperation.java:227)
2020-09-10 23:40:31,552 [ERROR] LogOutputStream:74 - [STDERR_REDIRECT] 	at com.st.stm32cube.ide.mcu.ide.process.MCUProjectCreationProcessOperationProvider$1.run(MCUProjectCreationProcessOperationProvider.java:237)
2020-09-10 23:40:31,554 [ERROR] LogOutputStream:74 - [STDERR_REDIRECT] 	at org.eclipse.jface.operation.ModalContext$ModalContextThread.run(ModalContext.java:122)
2020-09-10 23:40:35,641 [INFO] ApiDb:226 - Save user favorites file C:\Users\Admin/.stm32cubeide/favorites.mcus.txt: 0 item(s)
2020-09-10 23:40:35,641 [INFO] ApiDb:230 - User favorites MCUs=[]
2020-09-13 16:56:10,283 [INFO] Activator:178 - 


2020-09-13 16:56:10,287 [INFO] Activator:179 - !SESSION log4j initialized
2020-09-14 21:05:27,970 [INFO] Activator:178 - 


2020-09-14 21:05:27,976 [INFO] Activator:179 - !SESSION log4j initialized
2020-09-19 21:16:58,481 [INFO] Activator:178 - 


2020-09-19 21:16:58,485 [INFO] Activator:179 - !SESSION log4j initialized
